<?xml version="1.0" encoding="UTF-8"?>
<!-- Generated by org.testng.reporters.JUnitReportReporter -->
<testsuite skipped="0" hostname="Himanshu-PC" name="com.crm.base.sample" tests="2" failures="0" timestamp="29 Aug 2018 15:19:26 GMT" time="0.000" errors="0">
  <testcase name="test" time="0.000" classname="com.crm.base.sample"/>
  <testcase name="test2" time="0.000" classname="com.crm.base.sample"/>
</testsuite> <!-- com.crm.base.sample -->
