<?xml version="1.0" encoding="UTF-8"?>
<!-- Generated by org.testng.reporters.JUnitReportReporter -->
<testsuite hostname="Himanshu-PC" name="com.crm.qa.testcases.SignUpPageTest" tests="5" failures="0" timestamp="30 Aug 2018 17:00:00 GMT" time="11.254" errors="0">
  <testcase name="verifySignUpCrmLogoTest" time="0.352" classname="com.crm.qa.testcases.SignUpPageTest"/>
  <testcase name="signUpPageAllFieldsTest" time="6.474" classname="com.crm.qa.testcases.SignUpPageTest"/>
  <testcase name="validateSignUpPageTest" time="0.571" classname="com.crm.qa.testcases.SignUpPageTest"/>
  <testcase name="verifySignUpFieldTextTest" time="0.085" classname="com.crm.qa.testcases.SignUpPageTest"/>
  <testcase name="verifyEditionTextTest" time="3.772" classname="com.crm.qa.testcases.SignUpPageTest"/>
</testsuite> <!-- com.crm.qa.testcases.SignUpPageTest -->
