<?xml version="1.0" encoding="UTF-8"?>
<!-- Generated by org.testng.reporters.JUnitReportReporter -->
<testsuite hostname="Himanshu-PC" name="com.crm.qa.testcases.ContactsPageTest" tests="10" failures="0" timestamp="30 Aug 2018 17:00:00 GMT" time="21.970" errors="0">
  <testcase name="deleteContactsFromList" time="0.281" classname="com.crm.qa.testcases.ContactsPageTest"/>
  <testcase name="deleteSelectedContacts" time="4.427" classname="com.crm.qa.testcases.ContactsPageTest"/>
  <testcase name="verifyContactsPageLabel" time="0.061" classname="com.crm.qa.testcases.ContactsPageTest"/>
  <testcase name="deleteContactsFromList" time="0.290" classname="com.crm.qa.testcases.ContactsPageTest"/>
  <testcase name="validateCreateNewContact" time="5.764" classname="com.crm.qa.testcases.ContactsPageTest"/>
  <testcase name="validateCreateNewContact" time="4.979" classname="com.crm.qa.testcases.ContactsPageTest"/>
  <testcase name="selectSingleContactsTest" time="1.366" classname="com.crm.qa.testcases.ContactsPageTest"/>
  <testcase name="validateCreateNewContact" time="4.518" classname="com.crm.qa.testcases.ContactsPageTest"/>
  <testcase name="deleteContactsFromList" time="0.260" classname="com.crm.qa.testcases.ContactsPageTest"/>
  <testcase name="selectMultipleContactsTest" time="0.024" classname="com.crm.qa.testcases.ContactsPageTest"/>
</testsuite> <!-- com.crm.qa.testcases.ContactsPageTest -->
