<?xml version="1.0" encoding="UTF-8"?>
<!-- Generated by org.testng.reporters.JUnitReportReporter -->
<testsuite hostname="Himanshu-PC" name="com.crm.qa.testcases.HomePageTest" tests="1" failures="0" timestamp="30 Aug 2018 13:25:53 GMT" time="24.418" errors="0">
  <testcase name="verifyHomePageTitleTest" time="24.418" classname="com.crm.qa.testcases.HomePageTest"/>
</testsuite> <!-- com.crm.qa.testcases.HomePageTest -->
