<?xml version="1.0" encoding="UTF-8"?>
<!-- Generated by org.testng.reporters.JUnitReportReporter -->
<testsuite hostname="Himanshu-PC" name="com.crm.qa.testcases.LoginPageTest" tests="13" failures="0" timestamp="30 Aug 2018 21:53:41 GMT" time="44.101" errors="0">
  <testcase name="validateGetMobileDescriptionTest" time="0.096" classname="com.crm.qa.testcases.LoginPageTest"/>
  <testcase name="CRMlogosTest" time="0.328" classname="com.crm.qa.testcases.LoginPageTest"/>
  <testcase name="validateCRMlogoText" time="0.260" classname="com.crm.qa.testcases.LoginPageTest"/>
  <testcase name="loginPageTitleTest" time="0.056" classname="com.crm.qa.testcases.LoginPageTest"/>
  <testcase name="loginTest" time="19.551" classname="com.crm.qa.testcases.LoginPageTest"/>
  <testcase name="allLinkTexts" time="0.272" classname="com.crm.qa.testcases.LoginPageTest"/>
  <testcase name="validateMarketingAutomationDescriptionTest" time="0.120" classname="com.crm.qa.testcases.LoginPageTest"/>
  <testcase name="validateSalesPipelineDescriptionTest" time="0.156" classname="com.crm.qa.testcases.LoginPageTest"/>
  <testcase name="validateCRMHeaderTextTest" time="0.216" classname="com.crm.qa.testcases.LoginPageTest"/>
  <testcase name="forgotPassLinkTest" time="0.176" classname="com.crm.qa.testcases.LoginPageTest"/>
  <testcase name="crmLogoImageTest" time="0.064" classname="com.crm.qa.testcases.LoginPageTest"/>
  <testcase name="validateCRMLogoDescriptionTest" time="0.352" classname="com.crm.qa.testcases.LoginPageTest"/>
  <testcase name="signUpBtnTest" time="22.454" classname="com.crm.qa.testcases.LoginPageTest"/>
</testsuite> <!-- com.crm.qa.testcases.LoginPageTest -->
