<?xml version="1.0" encoding="UTF-8"?>
<!-- Generated by org.testng.reporters.JUnitReportReporter -->
<testsuite hostname="Himanshu-PC" name="com.crm.qa.testcases.ContactsPageTest" tests="10" failures="0" timestamp="30 Aug 2018 21:53:41 GMT" time="28.267" errors="0">
  <testcase name="deleteContactsFromList" time="0.220" classname="com.crm.qa.testcases.ContactsPageTest"/>
  <testcase name="selectMultipleContactsTest" time="0.052" classname="com.crm.qa.testcases.ContactsPageTest"/>
  <testcase name="deleteSelectedContacts" time="6.008" classname="com.crm.qa.testcases.ContactsPageTest"/>
  <testcase name="verifyContactsPageLabel" time="0.048" classname="com.crm.qa.testcases.ContactsPageTest"/>
  <testcase name="validateCreateNewContact" time="5.597" classname="com.crm.qa.testcases.ContactsPageTest"/>
  <testcase name="validateCreateNewContact" time="6.939" classname="com.crm.qa.testcases.ContactsPageTest"/>
  <testcase name="selectSingleContactsTest" time="1.382" classname="com.crm.qa.testcases.ContactsPageTest"/>
  <testcase name="deleteContactsFromList" time="0.176" classname="com.crm.qa.testcases.ContactsPageTest"/>
  <testcase name="validateCreateNewContact" time="7.677" classname="com.crm.qa.testcases.ContactsPageTest"/>
  <testcase name="deleteContactsFromList" time="0.168" classname="com.crm.qa.testcases.ContactsPageTest"/>
</testsuite> <!-- com.crm.qa.testcases.ContactsPageTest -->
