<?xml version="1.0" encoding="UTF-8"?>
<!-- Generated by org.testng.reporters.JUnitReportReporter -->
<testsuite hostname="Himanshu-PC" name="com.crm.qa.testcases.ContactsPageTest" tests="10" failures="0" timestamp="30 Aug 2018 17:58:07 GMT" time="22.212" errors="0">
  <testcase name="verifyContactsPageLabel" time="0.070" classname="com.crm.qa.testcases.ContactsPageTest"/>
  <testcase name="selectSingleContactsTest" time="1.230" classname="com.crm.qa.testcases.ContactsPageTest"/>
  <testcase name="validateCreateNewContact" time="5.025" classname="com.crm.qa.testcases.ContactsPageTest"/>
  <testcase name="deleteContactsFromList" time="0.184" classname="com.crm.qa.testcases.ContactsPageTest"/>
  <testcase name="deleteContactsFromList" time="0.188" classname="com.crm.qa.testcases.ContactsPageTest"/>
  <testcase name="deleteContactsFromList" time="0.164" classname="com.crm.qa.testcases.ContactsPageTest"/>
  <testcase name="selectMultipleContactsTest" time="0.066" classname="com.crm.qa.testcases.ContactsPageTest"/>
  <testcase name="validateCreateNewContact" time="5.996" classname="com.crm.qa.testcases.ContactsPageTest"/>
  <testcase name="validateCreateNewContact" time="4.695" classname="com.crm.qa.testcases.ContactsPageTest"/>
  <testcase name="deleteSelectedContacts" time="4.594" classname="com.crm.qa.testcases.ContactsPageTest"/>
</testsuite> <!-- com.crm.qa.testcases.ContactsPageTest -->
