<?xml version="1.0" encoding="UTF-8"?>
<!-- Generated by org.testng.reporters.JUnitReportReporter -->
<testsuite hostname="Himanshu-PC" name="com.crm.qa.testcases.LoginPageTest" tests="13" failures="0" timestamp="30 Aug 2018 17:58:07 GMT" time="31.539" errors="0">
  <testcase name="signUpBtnTest" time="20.261" classname="com.crm.qa.testcases.LoginPageTest"/>
  <testcase name="CRMlogosTest" time="0.284" classname="com.crm.qa.testcases.LoginPageTest"/>
  <testcase name="validateGetMobileDescriptionTest" time="0.076" classname="com.crm.qa.testcases.LoginPageTest"/>
  <testcase name="allLinkTexts" time="0.268" classname="com.crm.qa.testcases.LoginPageTest"/>
  <testcase name="validateMarketingAutomationDescriptionTest" time="0.069" classname="com.crm.qa.testcases.LoginPageTest"/>
  <testcase name="loginTest" time="9.459" classname="com.crm.qa.testcases.LoginPageTest"/>
  <testcase name="validateCRMlogoText" time="0.200" classname="com.crm.qa.testcases.LoginPageTest"/>
  <testcase name="validateSalesPipelineDescriptionTest" time="0.112" classname="com.crm.qa.testcases.LoginPageTest"/>
  <testcase name="crmLogoImageTest" time="0.060" classname="com.crm.qa.testcases.LoginPageTest"/>
  <testcase name="validateCRMHeaderTextTest" time="0.231" classname="com.crm.qa.testcases.LoginPageTest"/>
  <testcase name="loginPageTitleTest" time="0.052" classname="com.crm.qa.testcases.LoginPageTest"/>
  <testcase name="validateCRMLogoDescriptionTest" time="0.383" classname="com.crm.qa.testcases.LoginPageTest"/>
  <testcase name="forgotPassLinkTest" time="0.084" classname="com.crm.qa.testcases.LoginPageTest"/>
</testsuite> <!-- com.crm.qa.testcases.LoginPageTest -->
